<?xml version="1.0" encoding="UTF-8"?>
<!-- Generated by org.testng.reporters.JUnitReportReporter -->
<testsuite hostname="VijayshreeC-ML" failures="0" tests="1" name="com.Testcases.Test1Test" time="6.257" errors="0" timestamp="2020-04-27T20:55:42 IST" skipped="0">
  <testcase classname="com.Testcases.Test1Test" name="executeFirstTest" time="6.257"/>
</testsuite> <!-- com.Testcases.Test1Test -->
