<?xml version="1.0" encoding="UTF-8"?>
<!-- Generated by org.testng.reporters.JUnitReportReporter -->
<testsuite hostname="VijayshreeC-ML" failures="0" tests="1" name="com.Testcases.Test2Test" time="6.069" errors="0" timestamp="2020-04-25T23:19:37 IST" skipped="0">
  <testcase classname="com.Testcases.Test2Test" name="executeFirst2Testcase" time="6.069"/>
</testsuite> <!-- com.Testcases.Test2Test -->
